<?xml version="1.0" encoding="UTF-8"?>
<coverage generated="1490668923729" clover="3.2.0">
  <project timestamp="1490668923729" name="All files">
    <metrics statements="15" coveredstatements="15" conditionals="6" coveredconditionals="5" methods="3" coveredmethods="3" elements="24" coveredelements="23" complexity="0" loc="15" ncloc="15" packages="2" files="3" classes="3">
      <package name="jest-talk">
        <metrics statements="4" coveredstatements="4" conditionals="0" coveredconditionals="0" methods="2" coveredmethods="2"/>
        <file name="App.js" path="/Users/lautarogruss/presentations/jest-talk/App.js">
          <metrics statements="2" coveredstatements="2" conditionals="0" coveredconditionals="0" methods="1" coveredmethods="1"/>
          <line num="6" count="1" type="stmt"/>
          <line num="16" count="1" type="stmt"/>
        </file>
        <file name="Intro.js" path="/Users/lautarogruss/presentations/jest-talk/Intro.js">
          <metrics statements="2" coveredstatements="2" conditionals="0" coveredconditionals="0" methods="1" coveredmethods="1"/>
          <line num="15" count="1" type="stmt"/>
          <line num="36" count="1" type="stmt"/>
        </file>
      </package>
      <package name="jest-talk.reducers">
        <metrics statements="11" coveredstatements="11" conditionals="6" coveredconditionals="5" methods="1" coveredmethods="1"/>
        <file name="reducer.js" path="/Users/lautarogruss/presentations/jest-talk/reducers/reducer.js">
          <metrics statements="11" coveredstatements="11" conditionals="6" coveredconditionals="5" methods="1" coveredmethods="1"/>
          <line num="2" count="1" type="stmt"/>
          <line num="3" count="1" type="stmt"/>
          <line num="4" count="1" type="stmt"/>
          <line num="5" count="1" type="stmt"/>
          <line num="7" count="1" type="stmt"/>
          <line num="16" count="5" type="cond" truecount="5" falsecount="0"/>
          <line num="18" count="1" type="stmt"/>
          <line num="20" count="1" type="stmt"/>
          <line num="22" count="1" type="stmt"/>
          <line num="24" count="1" type="stmt"/>
          <line num="26" count="1" type="stmt"/>
        </file>
      </package>
    </metrics>
  </project>
</coverage>
