{"/Users/lautarogruss/presentations/jest-talk/App.js": {"path":"/Users/lautarogruss/presentations/jest-talk/App.js","statementMap":{"0":{"start":{"line":6,"column":4},"end":{"line":12,"column":6}},"1":{"start":{"line":16,"column":15},"end":{"line":23,"column":2}}},"fnMap":{"0":{"name":"(anonymous_0)","decl":{"start":{"line":5,"column":2},"end":{"line":5,"column":3}},"loc":{"start":{"line":5,"column":11},"end":{"line":13,"column":3}},"line":5}},"branchMap":{},"s":{"0":1,"1":1},"f":{"0":1},"b":{},"_coverageSchema":"332fd63041d2c1bcb487cc26dd0d5f7d97098a6c","hash":"3b5a7fae678a6f226f960c77a1ccce3cebb1efab"}
,"/Users/lautarogruss/presentations/jest-talk/Intro.js": {"path":"/Users/lautarogruss/presentations/jest-talk/Intro.js","statementMap":{"0":{"start":{"line":15,"column":15},"end":{"line":32,"column":2}},"1":{"start":{"line":36,"column":4},"end":{"line":45,"column":6}}},"fnMap":{"0":{"name":"(anonymous_0)","decl":{"start":{"line":35,"column":2},"end":{"line":35,"column":3}},"loc":{"start":{"line":35,"column":11},"end":{"line":46,"column":3}},"line":35}},"branchMap":{},"s":{"0":1,"1":1},"f":{"0":1},"b":{},"_coverageSchema":"332fd63041d2c1bcb487cc26dd0d5f7d97098a6c","hash":"0a63567873ffff3049f2adcbbfd18de4cf8d6d63"}
,"/Users/lautarogruss/presentations/jest-talk/reducers/reducer.js": {"path":"/Users/lautarogruss/presentations/jest-talk/reducers/reducer.js","statementMap":{"0":{"start":{"line":2,"column":34},"end":{"line":2,"column":43}},"1":{"start":{"line":3,"column":34},"end":{"line":3,"column":43}},"2":{"start":{"line":4,"column":34},"end":{"line":4,"column":43}},"3":{"start":{"line":5,"column":27},"end":{"line":5,"column":35}},"4":{"start":{"line":7,"column":28},"end":{"line":13,"column":1}},"5":{"start":{"line":16,"column":2},"end":{"line":27,"column":3}},"6":{"start":{"line":18,"column":6},"end":{"line":18,"column":45}},"7":{"start":{"line":20,"column":6},"end":{"line":20,"column":41}},"8":{"start":{"line":22,"column":6},"end":{"line":22,"column":57}},"9":{"start":{"line":24,"column":6},"end":{"line":24,"column":39}},"10":{"start":{"line":26,"column":6},"end":{"line":26,"column":19}}},"fnMap":{"0":{"name":"repos","decl":{"start":{"line":15,"column":24},"end":{"line":15,"column":29}},"loc":{"start":{"line":15,"column":60},"end":{"line":28,"column":1}},"line":15}},"branchMap":{"0":{"loc":{"start":{"line":15,"column":30},"end":{"line":15,"column":50}},"type":"default-arg","locations":[{"start":{"line":15,"column":38},"end":{"line":15,"column":50}}],"line":15},"1":{"loc":{"start":{"line":16,"column":2},"end":{"line":27,"column":3}},"type":"switch","locations":[{"start":{"line":17,"column":4},"end":{"line":18,"column":45}},{"start":{"line":19,"column":4},"end":{"line":20,"column":41}},{"start":{"line":21,"column":4},"end":{"line":22,"column":57}},{"start":{"line":23,"column":4},"end":{"line":24,"column":39}},{"start":{"line":25,"column":4},"end":{"line":26,"column":19}}],"line":16}},"s":{"0":1,"1":1,"2":1,"3":1,"4":1,"5":5,"6":1,"7":1,"8":1,"9":1,"10":1},"f":{"0":5},"b":{"0":[0],"1":[1,1,1,1,1]},"_coverageSchema":"332fd63041d2c1bcb487cc26dd0d5f7d97098a6c","hash":"df21f6512062ddd86eab75bad550f5296830088a"}
}
