TN:
SF:/Users/lautarogruss/presentations/jest-talk/App.js
FN:5,(anonymous_0)
FNF:1
FNH:1
FNDA:1,(anonymous_0)
DA:6,1
DA:16,1
LF:2
LH:2
BRF:0
BRH:0
end_of_record
TN:
SF:/Users/lautarogruss/presentations/jest-talk/Intro.js
FN:35,(anonymous_0)
FNF:1
FNH:1
FNDA:1,(anonymous_0)
DA:15,1
DA:36,1
LF:2
LH:2
BRF:0
BRH:0
end_of_record
TN:
SF:/Users/lautarogruss/presentations/jest-talk/reducers/reducer.js
FN:15,repos
FNF:1
FNH:1
FNDA:5,repos
DA:2,1
DA:3,1
DA:4,1
DA:5,1
DA:7,1
DA:16,5
DA:18,1
DA:20,1
DA:22,1
DA:24,1
DA:26,1
LF:11
LH:11
BRDA:15,0,0,0
BRDA:16,1,0,1
BRDA:16,1,1,1
BRDA:16,1,2,1
BRDA:16,1,3,1
BRDA:16,1,4,1
BRF:6
BRH:5
end_of_record
